TN:
SF:src/clients/_/index.ts
FN:39,(anonymous_0)
FNF:1
FNH:0
FNDA:0,(anonymous_0)
DA:23,1
DA:32,1
DA:40,0
LF:3
LH:2
BRDA:40,0,0,0
BRF:1
BRH:0
end_of_record
TN:
SF:src/clients/authentication/index.ts
FN:45,expires
FN:56,translate
FN:91,(anonymous_2)
FN:105,(anonymous_3)
FN:139,(anonymous_4)
FN:184,(anonymous_5)
FN:224,(anonymous_6)
FNF:7
FNH:0
FNDA:0,expires
FNDA:0,translate
FNDA:0,(anonymous_2)
FNDA:0,(anonymous_3)
FNDA:0,(anonymous_4)
FNDA:0,(anonymous_5)
FNDA:0,(anonymous_6)
DA:24,1
DA:25,1
DA:28,1
DA:32,1
DA:45,1
DA:46,0
DA:56,1
DA:57,0
DA:61,0
DA:62,0
DA:63,0
DA:67,0
DA:68,0
DA:69,0
DA:73,0
DA:84,1
DA:92,0
DA:94,0
DA:108,0
DA:111,0
DA:112,0
DA:115,0
DA:128,0
DA:142,0
DA:144,0
DA:154,0
DA:155,0
DA:156,0
DA:173,0
DA:187,0
DA:189,0
DA:198,0
DA:199,0
DA:200,0
DA:213,0
DA:225,0
DA:231,0
LF:37
LH:7
BRDA:60,0,0,0
BRDA:60,0,1,0
BRDA:60,0,2,0
BRDA:92,1,0,0
BRDA:111,2,0,0
BRDA:111,2,1,0
BRDA:154,3,0,0
BRDA:154,3,1,0
BRDA:198,4,0,0
BRDA:198,4,1,0
BRF:10
BRH:0
end_of_record
TN:
SF:src/clients/management/index.ts
FN:41,(anonymous_0)
FN:71,(anonymous_1)
FN:94,(anonymous_2)
FN:111,(anonymous_3)
FNF:4
FNH:0
FNDA:0,(anonymous_0)
FNDA:0,(anonymous_1)
FNDA:0,(anonymous_2)
FNDA:0,(anonymous_3)
DA:23,1
DA:32,1
DA:42,0
DA:72,0
DA:98,0
DA:104,0
DA:107,0
DA:112,0
DA:117,0
LF:9
LH:2
BRF:0
BRH:0
end_of_record
TN:
SF:src/clients/session/index.ts
FN:39,(anonymous_0)
FN:48,(anonymous_1)
FNF:2
FNH:0
FNDA:0,(anonymous_0)
FNDA:0,(anonymous_1)
DA:23,1
DA:32,1
DA:40,0
DA:42,0
DA:49,0
LF:5
LH:2
BRF:0
BRH:0
end_of_record
TN:
SF:src/handlers/_/index.ts
FN:89,translate
FN:122,handler
FN:125,(anonymous_2)
FNF:3
FNH:0
FNDA:0,translate
FNDA:0,handler
FNDA:0,(anonymous_2)
DA:28,1
DA:89,1
DA:90,0
DA:94,0
DA:95,0
DA:96,0
DA:100,0
DA:101,0
DA:102,0
DA:106,0
DA:122,1
DA:125,0
DA:127,0
DA:128,0
DA:133,0
DA:134,0
DA:135,0
DA:138,0
DA:149,0
DA:157,0
DA:158,0
DA:159,0
LF:22
LH:3
BRDA:93,0,0,0
BRDA:93,0,1,0
BRDA:93,0,2,0
BRDA:129,1,0,0
BRDA:129,1,1,0
BRDA:129,2,0,0
BRDA:129,2,1,0
BRDA:134,3,0,0
BRDA:134,3,1,0
BRDA:150,4,0,0
BRDA:150,4,1,0
BRDA:150,5,0,0
BRDA:150,5,1,0
BRDA:152,6,0,0
BRDA:152,6,1,0
BRDA:157,7,0,0
BRDA:157,7,1,0
BRDA:160,8,0,0
BRDA:160,8,1,0
BRF:19
BRH:0
end_of_record
TN:
SF:src/verification/index.ts
FN:63,(anonymous_0)
FN:86,(anonymous_1)
FN:127,(anonymous_2)
FNF:3
FNH:0
FNDA:0,(anonymous_0)
FNDA:0,(anonymous_1)
FNDA:0,(anonymous_2)
DA:23,1
DA:24,1
DA:25,1
DA:55,1
DA:64,0
DA:67,0
DA:89,0
DA:97,0
DA:113,0
DA:130,0
DA:137,0
DA:138,0
DA:139,0
DA:142,0
LF:14
LH:4
BRDA:64,0,0,0
BRDA:67,1,0,0
BRDA:138,2,0,0
BRDA:138,2,1,0
BRDA:138,3,0,0
BRDA:138,3,1,0
BRF:6
BRH:0
end_of_record
